Determining if the pthread_create exist failed with the following output:
Change Dir: /home/jimmy/catkin_ws/src/rune/CMakeFiles/CMakeTmp

Run Build Command:"/usr/bin/make" "cmTC_84088/fast"
/usr/bin/make -f CMakeFiles/cmTC_84088.dir/build.make CMakeFiles/cmTC_84088.dir/build
make[1]: Entering directory '/home/jimmy/catkin_ws/src/rune/CMakeFiles/CMakeTmp'
Building C object CMakeFiles/cmTC_84088.dir/CheckSymbolExists.c.o
/usr/bin/cc     -o CMakeFiles/cmTC_84088.dir/CheckSymbolExists.c.o   -c /home/jimmy/catkin_ws/src/rune/CMakeFiles/CMakeTmp/CheckSymbolExists.c
Linking C executable cmTC_84088
/usr/bin/cmake -E cmake_link_script CMakeFiles/cmTC_84088.dir/link.txt --verbose=1
/usr/bin/cc       CMakeFiles/cmTC_84088.dir/CheckSymbolExists.c.o  -o cmTC_84088 -rdynamic 
CMakeFiles/cmTC_84088.dir/CheckSymbolExists.c.o: In function `main':
CheckSymbolExists.c:(.text+0x16): undefined reference to `pthread_create'
collect2: error: ld returned 1 exit status
CMakeFiles/cmTC_84088.dir/build.make:97: recipe for target 'cmTC_84088' failed
make[1]: *** [cmTC_84088] Error 1
make[1]: Leaving directory '/home/jimmy/catkin_ws/src/rune/CMakeFiles/CMakeTmp'
Makefile:126: recipe for target 'cmTC_84088/fast' failed
make: *** [cmTC_84088/fast] Error 2

File /home/jimmy/catkin_ws/src/rune/CMakeFiles/CMakeTmp/CheckSymbolExists.c:
/* */
#include <pthread.h>

int main(int argc, char** argv)
{
  (void)argv;
#ifndef pthread_create
  return ((int*)(&pthread_create))[argc];
#else
  (void)argc;
  return 0;
#endif
}

Determining if the function pthread_create exists in the pthreads failed with the following output:
Change Dir: /home/jimmy/catkin_ws/src/rune/CMakeFiles/CMakeTmp

Run Build Command:"/usr/bin/make" "cmTC_1575f/fast"
/usr/bin/make -f CMakeFiles/cmTC_1575f.dir/build.make CMakeFiles/cmTC_1575f.dir/build
make[1]: Entering directory '/home/jimmy/catkin_ws/src/rune/CMakeFiles/CMakeTmp'
Building C object CMakeFiles/cmTC_1575f.dir/CheckFunctionExists.c.o
/usr/bin/cc    -DCHECK_FUNCTION_EXISTS=pthread_create   -o CMakeFiles/cmTC_1575f.dir/CheckFunctionExists.c.o   -c /usr/share/cmake-3.5/Modules/CheckFunctionExists.c
Linking C executable cmTC_1575f
/usr/bin/cmake -E cmake_link_script CMakeFiles/cmTC_1575f.dir/link.txt --verbose=1
/usr/bin/cc   -DCHECK_FUNCTION_EXISTS=pthread_create    CMakeFiles/cmTC_1575f.dir/CheckFunctionExists.c.o  -o cmTC_1575f -rdynamic -lpthreads 
/usr/bin/ld: cannot find -lpthreads
collect2: error: ld returned 1 exit status
CMakeFiles/cmTC_1575f.dir/build.make:97: recipe for target 'cmTC_1575f' failed
make[1]: *** [cmTC_1575f] Error 1
make[1]: Leaving directory '/home/jimmy/catkin_ws/src/rune/CMakeFiles/CMakeTmp'
Makefile:126: recipe for target 'cmTC_1575f/fast' failed
make: *** [cmTC_1575f/fast] Error 2


