This file contains any messages produced by compilers while
running configure, to aid debugging if configure makes a mistake.

It was created by libusb configure 1.0.21, which was
generated by GNU Autoconf 2.69.  Invocation command line was

  $ ./configure 

## --------- ##
## Platform. ##
## --------- ##

hostname = rmsoldier1
uname -m = x86_64
uname -r = 4.13.0-45-generic
uname -s = Linux
uname -v = #50~16.04.1-Ubuntu SMP Wed May 30 11:18:27 UTC 2018

/usr/bin/uname -p = unknown
/bin/uname -X     = unknown

/bin/arch              = unknown
/usr/bin/arch -k       = unknown
/usr/convex/getsysinfo = unknown
/usr/bin/hostinfo      = unknown
/bin/machine           = unknown
/usr/bin/oslevel       = unknown
/bin/universe          = unknown

PATH: /opt/ros/kinetic/bin
PATH: /home/victory/bin
PATH: /home/victory/.local/bin
PATH: /usr/local/sbin
PATH: /usr/local/bin
PATH: /usr/sbin
PATH: /usr/bin
PATH: /sbin
PATH: /bin
PATH: /usr/games
PATH: /usr/local/games
PATH: /snap/bin


## ----------- ##
## Core tests. ##
## ----------- ##

configure:2575: checking for a BSD-compatible install
configure:2643: result: /usr/bin/install -c
configure:2654: checking whether build environment is sane
configure:2709: result: yes
configure:2860: checking for a thread-safe mkdir -p
configure:2899: result: /bin/mkdir -p
configure:2906: checking for gawk
configure:2936: result: no
configure:2906: checking for mawk
configure:2922: found /usr/bin/mawk
configure:2933: result: mawk
configure:2944: checking whether make sets $(MAKE)
configure:2966: result: yes
configure:2995: checking whether make supports nested variables
configure:3012: result: yes
configure:3154: checking whether make supports nested variables
configure:3171: result: yes
configure:3232: checking for gcc
configure:3248: found /usr/bin/gcc
configure:3259: result: gcc
configure:3488: checking for C compiler version
configure:3497: gcc --version >&5
gcc (Ubuntu 5.4.0-6ubuntu1~16.04.9) 5.4.0 20160609
Copyright (C) 2015 Free Software Foundation, Inc.
This is free software; see the source for copying conditions.  There is NO
warranty; not even for MERCHANTABILITY or FITNESS FOR A PARTICULAR PURPOSE.

configure:3508: $? = 0
configure:3497: gcc -v >&5
Using built-in specs.
COLLECT_GCC=gcc
COLLECT_LTO_WRAPPER=/usr/lib/gcc/x86_64-linux-gnu/5/lto-wrapper
Target: x86_64-linux-gnu
Configured with: ../src/configure -v --with-pkgversion='Ubuntu 5.4.0-6ubuntu1~16.04.9' --with-bugurl=file:///usr/share/doc/gcc-5/README.Bugs --enable-languages=c,ada,c++,java,go,d,fortran,objc,obj-c++ --prefix=/usr --program-suffix=-5 --enable-shared --enable-linker-build-id --libexecdir=/usr/lib --without-included-gettext --enable-threads=posix --libdir=/usr/lib --enable-nls --with-sysroot=/ --enable-clocale=gnu --enable-libstdcxx-debug --enable-libstdcxx-time=yes --with-default-libstdcxx-abi=new --enable-gnu-unique-object --disable-vtable-verify --enable-libmpx --enable-plugin --with-system-zlib --disable-browser-plugin --enable-java-awt=gtk --enable-gtk-cairo --with-java-home=/usr/lib/jvm/java-1.5.0-gcj-5-amd64/jre --enable-java-home --with-jvm-root-dir=/usr/lib/jvm/java-1.5.0-gcj-5-amd64 --with-jvm-jar-dir=/usr/lib/jvm-exports/java-1.5.0-gcj-5-amd64 --with-arch-directory=amd64 --with-ecj-jar=/usr/share/java/eclipse-ecj.jar --enable-objc-gc --enable-multiarch --disable-werror --with-arch-32=i686 --with-abi=m64 --with-multilib-list=m32,m64,mx32 --enable-multilib --with-tune=generic --enable-checking=release --build=x86_64-linux-gnu --host=x86_64-linux-gnu --target=x86_64-linux-gnu
Thread model: posix
gcc version 5.4.0 20160609 (Ubuntu 5.4.0-6ubuntu1~16.04.9) 
configure:3508: $? = 0
configure:3497: gcc -V >&5
gcc: error: unrecognized command line option '-V'
gcc: fatal error: no input files
compilation terminated.
configure:3508: $? = 1
configure:3497: gcc -qversion >&5
gcc: error: unrecognized command line option '-qversion'
gcc: fatal error: no input files
compilation terminated.
configure:3508: $? = 1
configure:3528: checking whether the C compiler works
configure:3550: gcc    conftest.c  >&5
configure:3554: $? = 0
configure:3602: result: yes
configure:3605: checking for C compiler default output file name
configure:3607: result: a.out
configure:3613: checking for suffix of executables
configure:3620: gcc -o conftest    conftest.c  >&5
configure:3624: $? = 0
configure:3646: result: 
configure:3668: checking whether we are cross compiling
configure:3676: gcc -o conftest    conftest.c  >&5
configure:3680: $? = 0
configure:3687: ./conftest
configure:3691: $? = 0
configure:3706: result: no
configure:3711: checking for suffix of object files
configure:3733: gcc -c   conftest.c >&5
configure:3737: $? = 0
configure:3758: result: o
configure:3762: checking whether we are using the GNU C compiler
configure:3781: gcc -c   conftest.c >&5
configure:3781: $? = 0
configure:3790: result: yes
configure:3799: checking whether gcc accepts -g
configure:3819: gcc -c -g  conftest.c >&5
configure:3819: $? = 0
configure:3860: result: yes
configure:3877: checking for gcc option to accept ISO C89
configure:3940: gcc  -c -g -O2  conftest.c >&5
configure:3940: $? = 0
configure:3953: result: none needed
configure:3978: checking whether gcc understands -c and -o together
configure:4000: gcc -c conftest.c -o conftest2.o
configure:4003: $? = 0
configure:4000: gcc -c conftest.c -o conftest2.o
configure:4003: $? = 0
configure:4015: result: yes
configure:4043: checking for style of include used by make
configure:4071: result: GNU
configure:4097: checking dependency style of gcc
configure:4208: result: gcc3
configure:4281: checking for g++
configure:4297: found /usr/bin/g++
configure:4308: result: g++
configure:4335: checking for C++ compiler version
configure:4344: g++ --version >&5
g++ (Ubuntu 5.4.0-6ubuntu1~16.04.9) 5.4.0 20160609
Copyright (C) 2015 Free Software Foundation, Inc.
This is free software; see the source for copying conditions.  There is NO
warranty; not even for MERCHANTABILITY or FITNESS FOR A PARTICULAR PURPOSE.

configure:4355: $? = 0
configure:4344: g++ -v >&5
Using built-in specs.
COLLECT_GCC=g++
COLLECT_LTO_WRAPPER=/usr/lib/gcc/x86_64-linux-gnu/5/lto-wrapper
Target: x86_64-linux-gnu
Configured with: ../src/configure -v --with-pkgversion='Ubuntu 5.4.0-6ubuntu1~16.04.9' --with-bugurl=file:///usr/share/doc/gcc-5/README.Bugs --enable-languages=c,ada,c++,java,go,d,fortran,objc,obj-c++ --prefix=/usr --program-suffix=-5 --enable-shared --enable-linker-build-id --libexecdir=/usr/lib --without-included-gettext --enable-threads=posix --libdir=/usr/lib --enable-nls --with-sysroot=/ --enable-clocale=gnu --enable-libstdcxx-debug --enable-libstdcxx-time=yes --with-default-libstdcxx-abi=new --enable-gnu-unique-object --disable-vtable-verify --enable-libmpx --enable-plugin --with-system-zlib --disable-browser-plugin --enable-java-awt=gtk --enable-gtk-cairo --with-java-home=/usr/lib/jvm/java-1.5.0-gcj-5-amd64/jre --enable-java-home --with-jvm-root-dir=/usr/lib/jvm/java-1.5.0-gcj-5-amd64 --with-jvm-jar-dir=/usr/lib/jvm-exports/java-1.5.0-gcj-5-amd64 --with-arch-directory=amd64 --with-ecj-jar=/usr/share/java/eclipse-ecj.jar --enable-objc-gc --enable-multiarch --disable-werror --with-arch-32=i686 --with-abi=m64 --with-multilib-list=m32,m64,mx32 --enable-multilib --with-tune=generic --enable-checking=release --build=x86_64-linux-gnu --host=x86_64-linux-gnu --target=x86_64-linux-gnu
Thread model: posix
gcc version 5.4.0 20160609 (Ubuntu 5.4.0-6ubuntu1~16.04.9) 
configure:4355: $? = 0
configure:4344: g++ -V >&5
g++: error: unrecognized command line option '-V'
g++: fatal error: no input files
compilation terminated.
configure:4355: $? = 1
configure:4344: g++ -qversion >&5
g++: error: unrecognized command line option '-qversion'
g++: fatal error: no input files
compilation terminated.
configure:4355: $? = 1
configure:4359: checking whether we are using the GNU C++ compiler
configure:4378: g++ -c   conftest.cpp >&5
configure:4378: $? = 0
configure:4387: result: yes
configure:4396: checking whether g++ accepts -g
configure:4416: g++ -c -g  conftest.cpp >&5
configure:4416: $? = 0
configure:4457: result: yes
configure:4482: checking dependency style of g++
configure:4593: result: gcc3
configure:4637: checking build system type
configure:4651: result: x86_64-pc-linux-gnu
configure:4671: checking host system type
configure:4684: result: x86_64-pc-linux-gnu
configure:4725: checking how to print strings
configure:4752: result: printf
configure:4773: checking for a sed that does not truncate output
configure:4837: result: /bin/sed
configure:4855: checking for grep that handles long lines and -e
configure:4913: result: /bin/grep
configure:4918: checking for egrep
configure:4980: result: /bin/grep -E
configure:4985: checking for fgrep
configure:5047: result: /bin/grep -F
configure:5082: checking for ld used by gcc
configure:5149: result: /usr/bin/ld
configure:5156: checking if the linker (/usr/bin/ld) is GNU ld
configure:5171: result: yes
configure:5183: checking for BSD- or MS-compatible name lister (nm)
configure:5237: result: /usr/bin/nm -B
configure:5367: checking the name lister (/usr/bin/nm -B) interface
configure:5374: gcc -c -g -O2  conftest.c >&5
configure:5377: /usr/bin/nm -B "conftest.o"
configure:5380: output
0000000000000000 B some_variable
configure:5387: result: BSD nm
configure:5390: checking whether ln -s works
configure:5394: result: yes
configure:5402: checking the maximum length of command line arguments
configure:5533: result: 1572864
configure:5581: checking how to convert x86_64-pc-linux-gnu file names to x86_64-pc-linux-gnu format
configure:5621: result: func_convert_file_noop
configure:5628: checking how to convert x86_64-pc-linux-gnu file names to toolchain format
configure:5648: result: func_convert_file_noop
configure:5655: checking for /usr/bin/ld option to reload object files
configure:5662: result: -r
configure:5736: checking for objdump
configure:5752: found /usr/bin/objdump
configure:5763: result: objdump
configure:5795: checking how to recognize dependent libraries
configure:5995: result: pass_all
configure:6080: checking for dlltool
configure:6110: result: no
configure:6140: checking how to associate runtime and link libraries
configure:6167: result: printf %s\n
configure:6228: checking for ar
configure:6244: found /usr/bin/ar
configure:6255: result: ar
configure:6292: checking for archiver @FILE support
configure:6309: gcc -c -g -O2  conftest.c >&5
configure:6309: $? = 0
configure:6312: ar cru libconftest.a @conftest.lst >&5
ar: `u' modifier ignored since `D' is the default (see `U')
configure:6315: $? = 0
configure:6320: ar cru libconftest.a @conftest.lst >&5
ar: `u' modifier ignored since `D' is the default (see `U')
ar: conftest.o: No such file or directory
configure:6323: $? = 1
configure:6335: result: @
configure:6393: checking for strip
configure:6409: found /usr/bin/strip
configure:6420: result: strip
configure:6492: checking for ranlib
configure:6508: found /usr/bin/ranlib
configure:6519: result: ranlib
configure:6621: checking command to parse /usr/bin/nm -B output from gcc object
configure:6774: gcc -c -g -O2  conftest.c >&5
configure:6777: $? = 0
configure:6781: /usr/bin/nm -B conftest.o \| sed -n -e 's/^.*[ ]\([ABCDGIRSTW][ABCDGIRSTW]*\)[ ][ ]*\([_A-Za-z][_A-Za-z0-9]*\)$/\1 \2 \2/p' | sed '/ __gnu_lto/d' \> conftest.nm
configure:6784: $? = 0
configure:6850: gcc -o conftest -g -O2   conftest.c conftstm.o >&5
configure:6853: $? = 0
configure:6891: result: ok
configure:6938: checking for sysroot
configure:6968: result: no
configure:6975: checking for a working dd
configure:7013: result: /bin/dd
configure:7017: checking how to truncate binary pipes
configure:7032: result: /bin/dd bs=4096 count=1
configure:7168: gcc -c -g -O2  conftest.c >&5
configure:7171: $? = 0
configure:7361: checking for mt
configure:7377: found /bin/mt
configure:7388: result: mt
configure:7411: checking if mt is a manifest tool
configure:7417: mt '-?'
configure:7425: result: no
configure:8102: checking how to run the C preprocessor
configure:8133: gcc -E  conftest.c
configure:8133: $? = 0
configure:8147: gcc -E  conftest.c
conftest.c:11:28: fatal error: ac_nonexistent.h: No such file or directory
compilation terminated.
configure:8147: $? = 1
configure: failed program was:
| /* confdefs.h */
| #define PACKAGE_NAME "libusb"
| #define PACKAGE_TARNAME "libusb"
| #define PACKAGE_VERSION "1.0.21"
| #define PACKAGE_STRING "libusb 1.0.21"
| #define PACKAGE_BUGREPORT "libusb-devel@lists.sourceforge.net"
| #define PACKAGE_URL "http://libusb.info"
| #define PACKAGE "libusb"
| #define VERSION "1.0.21"
| /* end confdefs.h.  */
| #include <ac_nonexistent.h>
configure:8172: result: gcc -E
configure:8192: gcc -E  conftest.c
configure:8192: $? = 0
configure:8206: gcc -E  conftest.c
conftest.c:11:28: fatal error: ac_nonexistent.h: No such file or directory
compilation terminated.
configure:8206: $? = 1
configure: failed program was:
| /* confdefs.h */
| #define PACKAGE_NAME "libusb"
| #define PACKAGE_TARNAME "libusb"
| #define PACKAGE_VERSION "1.0.21"
| #define PACKAGE_STRING "libusb 1.0.21"
| #define PACKAGE_BUGREPORT "libusb-devel@lists.sourceforge.net"
| #define PACKAGE_URL "http://libusb.info"
| #define PACKAGE "libusb"
| #define VERSION "1.0.21"
| /* end confdefs.h.  */
| #include <ac_nonexistent.h>
configure:8235: checking for ANSI C header files
configure:8255: gcc -c -g -O2  conftest.c >&5
configure:8255: $? = 0
configure:8328: gcc -o conftest -g -O2   conftest.c  >&5
configure:8328: $? = 0
configure:8328: ./conftest
configure:8328: $? = 0
configure:8339: result: yes
configure:8352: checking for sys/types.h
configure:8352: gcc -c -g -O2  conftest.c >&5
configure:8352: $? = 0
configure:8352: result: yes
configure:8352: checking for sys/stat.h
configure:8352: gcc -c -g -O2  conftest.c >&5
configure:8352: $? = 0
configure:8352: result: yes
configure:8352: checking for stdlib.h
configure:8352: gcc -c -g -O2  conftest.c >&5
configure:8352: $? = 0
configure:8352: result: yes
configure:8352: checking for string.h
configure:8352: gcc -c -g -O2  conftest.c >&5
configure:8352: $? = 0
configure:8352: result: yes
configure:8352: checking for memory.h
configure:8352: gcc -c -g -O2  conftest.c >&5
configure:8352: $? = 0
configure:8352: result: yes
configure:8352: checking for strings.h
configure:8352: gcc -c -g -O2  conftest.c >&5
configure:8352: $? = 0
configure:8352: result: yes
configure:8352: checking for inttypes.h
configure:8352: gcc -c -g -O2  conftest.c >&5
configure:8352: $? = 0
configure:8352: result: yes
configure:8352: checking for stdint.h
configure:8352: gcc -c -g -O2  conftest.c >&5
configure:8352: $? = 0
configure:8352: result: yes
configure:8352: checking for unistd.h
configure:8352: gcc -c -g -O2  conftest.c >&5
configure:8352: $? = 0
configure:8352: result: yes
configure:8366: checking for dlfcn.h
configure:8366: gcc -c -g -O2  conftest.c >&5
configure:8366: $? = 0
configure:8366: result: yes
configure:8633: checking for objdir
configure:8648: result: .libs
configure:8912: checking if gcc supports -fno-rtti -fno-exceptions
configure:8930: gcc -c -g -O2  -fno-rtti -fno-exceptions conftest.c >&5
cc1: warning: command line option '-fno-rtti' is valid for C++/ObjC++ but not for C
configure:8934: $? = 0
configure:8947: result: no
configure:9305: checking for gcc option to produce PIC
configure:9312: result: -fPIC -DPIC
configure:9320: checking if gcc PIC flag -fPIC -DPIC works
configure:9338: gcc -c -g -O2  -fPIC -DPIC -DPIC conftest.c >&5
configure:9342: $? = 0
configure:9355: result: yes
configure:9384: checking if gcc static flag -static works
configure:9412: result: yes
configure:9427: checking if gcc supports -c -o file.o
configure:9448: gcc -c -g -O2  -o out/conftest2.o conftest.c >&5
configure:9452: $? = 0
configure:9474: result: yes
configure:9482: checking if gcc supports -c -o file.o
configure:9529: result: yes
configure:9562: checking whether the gcc linker (/usr/bin/ld -m elf_x86_64) supports shared libraries
configure:10825: result: yes
configure:10862: checking whether -lc should be explicitly linked in
configure:10870: gcc -c -g -O2  conftest.c >&5
configure:10873: $? = 0
configure:10888: gcc -shared  -fPIC -DPIC conftest.o  -v -Wl,-soname -Wl,conftest -o conftest 2\>\&1 \| /bin/grep  -lc  \>/dev/null 2\>\&1
configure:10891: $? = 0
configure:10905: result: no
configure:11065: checking dynamic linker characteristics
configure:11646: gcc -o conftest -g -O2   -Wl,-rpath -Wl,/foo conftest.c  >&5
configure:11646: $? = 0
configure:11895: result: GNU/Linux ld.so
configure:12017: checking how to hardcode library paths into programs
configure:12042: result: immediate
configure:12590: checking whether stripping libraries is possible
configure:12595: result: yes
configure:12630: checking if libtool supports shared libraries
configure:12632: result: yes
configure:12635: checking whether to build shared libraries
configure:12660: result: yes
configure:12663: checking whether to build static libraries
configure:12667: result: yes
configure:12690: checking how to run the C++ preprocessor
configure:12717: g++ -E  conftest.cpp
configure:12717: $? = 0
configure:12731: g++ -E  conftest.cpp
conftest.cpp:23:28: fatal error: ac_nonexistent.h: No such file or directory
compilation terminated.
configure:12731: $? = 1
configure: failed program was:
| /* confdefs.h */
| #define PACKAGE_NAME "libusb"
| #define PACKAGE_TARNAME "libusb"
| #define PACKAGE_VERSION "1.0.21"
| #define PACKAGE_STRING "libusb 1.0.21"
| #define PACKAGE_BUGREPORT "libusb-devel@lists.sourceforge.net"
| #define PACKAGE_URL "http://libusb.info"
| #define PACKAGE "libusb"
| #define VERSION "1.0.21"
| #define STDC_HEADERS 1
| #define HAVE_SYS_TYPES_H 1
| #define HAVE_SYS_STAT_H 1
| #define HAVE_STDLIB_H 1
| #define HAVE_STRING_H 1
| #define HAVE_MEMORY_H 1
| #define HAVE_STRINGS_H 1
| #define HAVE_INTTYPES_H 1
| #define HAVE_STDINT_H 1
| #define HAVE_UNISTD_H 1
| #define HAVE_DLFCN_H 1
| #define LT_OBJDIR ".libs/"
| /* end confdefs.h.  */
| #include <ac_nonexistent.h>
configure:12756: result: g++ -E
configure:12776: g++ -E  conftest.cpp
configure:12776: $? = 0
configure:12790: g++ -E  conftest.cpp
conftest.cpp:23:28: fatal error: ac_nonexistent.h: No such file or directory
compilation terminated.
configure:12790: $? = 1
configure: failed program was:
| /* confdefs.h */
| #define PACKAGE_NAME "libusb"
| #define PACKAGE_TARNAME "libusb"
| #define PACKAGE_VERSION "1.0.21"
| #define PACKAGE_STRING "libusb 1.0.21"
| #define PACKAGE_BUGREPORT "libusb-devel@lists.sourceforge.net"
| #define PACKAGE_URL "http://libusb.info"
| #define PACKAGE "libusb"
| #define VERSION "1.0.21"
| #define STDC_HEADERS 1
| #define HAVE_SYS_TYPES_H 1
| #define HAVE_SYS_STAT_H 1
| #define HAVE_STDLIB_H 1
| #define HAVE_STRING_H 1
| #define HAVE_MEMORY_H 1
| #define HAVE_STRINGS_H 1
| #define HAVE_INTTYPES_H 1
| #define HAVE_STDINT_H 1
| #define HAVE_UNISTD_H 1
| #define HAVE_DLFCN_H 1
| #define LT_OBJDIR ".libs/"
| /* end confdefs.h.  */
| #include <ac_nonexistent.h>
configure:12952: checking for ld used by g++
configure:13019: result: /usr/bin/ld -m elf_x86_64
configure:13026: checking if the linker (/usr/bin/ld -m elf_x86_64) is GNU ld
configure:13041: result: yes
configure:13096: checking whether the g++ linker (/usr/bin/ld -m elf_x86_64) supports shared libraries
configure:14169: result: yes
configure:14205: g++ -c -g -O2  conftest.cpp >&5
configure:14208: $? = 0
configure:14689: checking for g++ option to produce PIC
configure:14696: result: -fPIC -DPIC
configure:14704: checking if g++ PIC flag -fPIC -DPIC works
configure:14722: g++ -c -g -O2  -fPIC -DPIC -DPIC conftest.cpp >&5
configure:14726: $? = 0
configure:14739: result: yes
configure:14762: checking if g++ static flag -static works
configure:14790: result: yes
configure:14802: checking if g++ supports -c -o file.o
configure:14823: g++ -c -g -O2  -o out/conftest2.o conftest.cpp >&5
configure:14827: $? = 0
configure:14849: result: yes
configure:14854: checking if g++ supports -c -o file.o
configure:14901: result: yes
configure:14931: checking whether the g++ linker (/usr/bin/ld -m elf_x86_64) supports shared libraries
configure:14974: result: yes
configure:15115: checking dynamic linker characteristics
configure:15872: result: GNU/Linux ld.so
configure:15937: checking how to hardcode library paths into programs
configure:15962: result: immediate
configure:16066: checking for windres
configure:16096: result: no
configure:16193: checking for inline
configure:16209: gcc -c -g -O2  conftest.c >&5
configure:16209: $? = 0
configure:16217: result: inline
configure:16242: checking operating system
configure:16257: result: Linux
configure:16316: checking for library containing clock_gettime
configure:16347: gcc -o conftest -g -O2   conftest.c  >&5
configure:16347: $? = 0
configure:16364: result: none required
configure:16383: checking libudev.h usability
configure:16383: gcc -c -g -O2  conftest.c >&5
configure:16383: $? = 0
configure:16383: result: yes
configure:16383: checking libudev.h presence
configure:16383: gcc -E  conftest.c
configure:16383: $? = 0
configure:16383: result: yes
configure:16383: checking for libudev.h
configure:16383: result: yes
configure:16395: checking for udev_new in -ludev
configure:16420: gcc -o conftest -g -O2   conftest.c -ludev   >&5
configure:16420: $? = 0
configure:16429: result: yes
configure:16495: checking poll.h usability
configure:16495: gcc -c -g -O2  conftest.c >&5
configure:16495: $? = 0
configure:16495: result: yes
configure:16495: checking poll.h presence
configure:16495: gcc -E  conftest.c
configure:16495: $? = 0
configure:16495: result: yes
configure:16495: checking for poll.h
configure:16495: result: yes
configure:16759: checking sys/timerfd.h usability
configure:16759: gcc -c -g -O2  conftest.c >&5
configure:16759: $? = 0
configure:16759: result: yes
configure:16759: checking sys/timerfd.h presence
configure:16759: gcc -E  conftest.c
configure:16759: $? = 0
configure:16759: result: yes
configure:16759: checking for sys/timerfd.h
configure:16759: result: yes
configure:16779: checking whether TFD_NONBLOCK is declared
configure:16779: gcc -c -g -O2  conftest.c >&5
configure:16779: $? = 0
configure:16779: result: yes
configure:16791: checking whether to use timerfd for timing
configure:16798: result: yes
configure:16809: checking for struct timespec
configure:16809: gcc -c -g -O2  conftest.c >&5
configure:16809: $? = 0
configure:16809: gcc -c -g -O2  conftest.c >&5
conftest.c: In function 'main':
conftest.c:68:30: error: expected expression before ')' token
 if (sizeof ((struct timespec)))
                              ^
configure:16809: $? = 1
configure: failed program was:
| /* confdefs.h */
| #define PACKAGE_NAME "libusb"
| #define PACKAGE_TARNAME "libusb"
| #define PACKAGE_VERSION "1.0.21"
| #define PACKAGE_STRING "libusb 1.0.21"
| #define PACKAGE_BUGREPORT "libusb-devel@lists.sourceforge.net"
| #define PACKAGE_URL "http://libusb.info"
| #define PACKAGE "libusb"
| #define VERSION "1.0.21"
| #define STDC_HEADERS 1
| #define HAVE_SYS_TYPES_H 1
| #define HAVE_SYS_STAT_H 1
| #define HAVE_STDLIB_H 1
| #define HAVE_STRING_H 1
| #define HAVE_MEMORY_H 1
| #define HAVE_STRINGS_H 1
| #define HAVE_INTTYPES_H 1
| #define HAVE_STDINT_H 1
| #define HAVE_UNISTD_H 1
| #define HAVE_DLFCN_H 1
| #define LT_OBJDIR ".libs/"
| #define _GNU_SOURCE 1
| #define OS_LINUX 1
| #define HAVE_LIBUDEV_H 1
| #define HAVE_LIBUDEV 1
| #define USE_UDEV 1
| #define HAVE_POLL_H 1
| #define POLL_NFDS_TYPE nfds_t
| #define THREADS_POSIX 1
| #define USBI_TIMERFD_AVAILABLE 1
| /* end confdefs.h.  */
| #include <stdio.h>
| #ifdef HAVE_SYS_TYPES_H
| # include <sys/types.h>
| #endif
| #ifdef HAVE_SYS_STAT_H
| # include <sys/stat.h>
| #endif
| #ifdef STDC_HEADERS
| # include <stdlib.h>
| # include <stddef.h>
| #else
| # ifdef HAVE_STDLIB_H
| #  include <stdlib.h>
| # endif
| #endif
| #ifdef HAVE_STRING_H
| # if !defined STDC_HEADERS && defined HAVE_MEMORY_H
| #  include <memory.h>
| # endif
| # include <string.h>
| #endif
| #ifdef HAVE_STRINGS_H
| # include <strings.h>
| #endif
| #ifdef HAVE_INTTYPES_H
| # include <inttypes.h>
| #endif
| #ifdef HAVE_STDINT_H
| # include <stdint.h>
| #endif
| #ifdef HAVE_UNISTD_H
| # include <unistd.h>
| #endif
| int
| main ()
| {
| if (sizeof ((struct timespec)))
| 	    return 0;
|   ;
|   return 0;
| }
configure:16809: result: yes
configure:16863: checking syslog.h usability
configure:16863: gcc -c -g -O2  conftest.c >&5
configure:16863: $? = 0
configure:16863: result: yes
configure:16863: checking syslog.h presence
configure:16863: gcc -E  conftest.c
configure:16863: $? = 0
configure:16863: result: yes
configure:16863: checking for syslog.h
configure:16863: result: yes
configure:16873: checking for syslog
configure:16873: gcc -o conftest -g -O2   conftest.c -ludev  -pthread >&5
configure:16873: $? = 0
configure:16873: result: yes
configure:16935: gcc -c -g -O2 -Werror -fvisibility=hidden  conftest.c >&5
configure:16935: $? = 0
configure:16963: gcc -c -g -O2 -Wno-pointer-sign  conftest.c >&5
configure:16963: $? = 0
configure:16972: checking for sigaction
configure:16972: gcc -o conftest -g -O2   conftest.c -ludev  -pthread >&5
configure:16972: $? = 0
configure:16972: result: yes
configure:16991: checking sys/time.h usability
configure:16991: gcc -c -g -O2  conftest.c >&5
configure:16991: $? = 0
configure:16991: result: yes
configure:16991: checking sys/time.h presence
configure:16991: gcc -E  conftest.c
configure:16991: $? = 0
configure:16991: result: yes
configure:16991: checking for sys/time.h
configure:16991: result: yes
configure:17003: checking for gettimeofday
configure:17003: gcc -o conftest -g -O2   conftest.c -ludev  -pthread >&5
configure:17003: $? = 0
configure:17003: result: yes
configure:17014: checking signal.h usability
configure:17014: gcc -c -g -O2  conftest.c >&5
configure:17014: $? = 0
configure:17014: result: yes
configure:17014: checking signal.h presence
configure:17014: gcc -E  conftest.c
configure:17014: $? = 0
configure:17014: result: yes
configure:17014: checking for signal.h
configure:17014: result: yes
configure:17028: checking whether CC supports -std=gnu99
configure:17041: gcc -c -std=gnu99  conftest.c >&5
configure:17041: $? = 0
configure:17042: result: yes
configure:17181: checking that generated files are newer than configure
configure:17187: result: done
configure:17270: creating ./config.status

## ---------------------- ##
## Running config.status. ##
## ---------------------- ##

This file was extended by libusb config.status 1.0.21, which was
generated by GNU Autoconf 2.69.  Invocation command line was

  CONFIG_FILES    = 
  CONFIG_HEADERS  = 
  CONFIG_LINKS    = 
  CONFIG_COMMANDS = 
  $ ./config.status 

on rmsoldier1

config.status:1261: creating libusb-1.0.pc
config.status:1261: creating Makefile
config.status:1261: creating libusb/Makefile
config.status:1261: creating examples/Makefile
config.status:1261: creating tests/Makefile
config.status:1261: creating doc/Makefile
config.status:1261: creating doc/doxygen.cfg
config.status:1261: creating config.h
config.status:1490: executing depfiles commands
config.status:1490: executing libtool commands

## ---------------- ##
## Cache variables. ##
## ---------------- ##

ac_cv_build=x86_64-pc-linux-gnu
ac_cv_c_compiler_gnu=yes
ac_cv_c_inline=inline
ac_cv_cxx_compiler_gnu=yes
ac_cv_env_CCC_set=
ac_cv_env_CCC_value=
ac_cv_env_CC_set=
ac_cv_env_CC_value=
ac_cv_env_CFLAGS_set=
ac_cv_env_CFLAGS_value=
ac_cv_env_CPPFLAGS_set=
ac_cv_env_CPPFLAGS_value=
ac_cv_env_CPP_set=
ac_cv_env_CPP_value=
ac_cv_env_CXXCPP_set=
ac_cv_env_CXXCPP_value=
ac_cv_env_CXXFLAGS_set=
ac_cv_env_CXXFLAGS_value=
ac_cv_env_CXX_set=
ac_cv_env_CXX_value=
ac_cv_env_LDFLAGS_set=
ac_cv_env_LDFLAGS_value=
ac_cv_env_LIBS_set=
ac_cv_env_LIBS_value=
ac_cv_env_LT_SYS_LIBRARY_PATH_set=
ac_cv_env_LT_SYS_LIBRARY_PATH_value=
ac_cv_env_build_alias_set=
ac_cv_env_build_alias_value=
ac_cv_env_host_alias_set=
ac_cv_env_host_alias_value=
ac_cv_env_target_alias_set=
ac_cv_env_target_alias_value=
ac_cv_func_gettimeofday=yes
ac_cv_func_sigaction=yes
ac_cv_func_syslog=yes
ac_cv_have_decl_TFD_NONBLOCK=yes
ac_cv_header_dlfcn_h=yes
ac_cv_header_inttypes_h=yes
ac_cv_header_libudev_h=yes
ac_cv_header_memory_h=yes
ac_cv_header_poll_h=yes
ac_cv_header_signal_h=yes
ac_cv_header_stdc=yes
ac_cv_header_stdint_h=yes
ac_cv_header_stdlib_h=yes
ac_cv_header_string_h=yes
ac_cv_header_strings_h=yes
ac_cv_header_sys_stat_h=yes
ac_cv_header_sys_time_h=yes
ac_cv_header_sys_timerfd_h=yes
ac_cv_header_sys_types_h=yes
ac_cv_header_syslog_h=yes
ac_cv_header_unistd_h=yes
ac_cv_host=x86_64-pc-linux-gnu
ac_cv_lib_udev_udev_new=yes
ac_cv_objext=o
ac_cv_path_EGREP='/bin/grep -E'
ac_cv_path_FGREP='/bin/grep -F'
ac_cv_path_GREP=/bin/grep
ac_cv_path_SED=/bin/sed
ac_cv_path_install='/usr/bin/install -c'
ac_cv_path_lt_DD=/bin/dd
ac_cv_path_mkdir=/bin/mkdir
ac_cv_prog_AWK=mawk
ac_cv_prog_CPP='gcc -E'
ac_cv_prog_CXXCPP='g++ -E'
ac_cv_prog_ac_ct_AR=ar
ac_cv_prog_ac_ct_CC=gcc
ac_cv_prog_ac_ct_CXX=g++
ac_cv_prog_ac_ct_MANIFEST_TOOL=mt
ac_cv_prog_ac_ct_OBJDUMP=objdump
ac_cv_prog_ac_ct_RANLIB=ranlib
ac_cv_prog_ac_ct_STRIP=strip
ac_cv_prog_cc_c89=
ac_cv_prog_cc_g=yes
ac_cv_prog_cxx_g=yes
ac_cv_prog_make_make_set=yes
ac_cv_search_clock_gettime='none required'
ac_cv_type_struct_timespec=yes
am_cv_CC_dependencies_compiler_type=gcc3
am_cv_CXX_dependencies_compiler_type=gcc3
am_cv_make_support_nested_variables=yes
am_cv_prog_cc_c_o=yes
lt_cv_ar_at_file=@
lt_cv_archive_cmds_need_lc=no
lt_cv_deplibs_check_method=pass_all
lt_cv_file_magic_cmd='$MAGIC_CMD'
lt_cv_file_magic_test_file=
lt_cv_ld_reload_flag=-r
lt_cv_nm_interface='BSD nm'
lt_cv_objdir=.libs
lt_cv_path_LD=/usr/bin/ld
lt_cv_path_LDCXX='/usr/bin/ld -m elf_x86_64'
lt_cv_path_NM='/usr/bin/nm -B'
lt_cv_path_mainfest_tool=no
lt_cv_prog_compiler_c_o=yes
lt_cv_prog_compiler_c_o_CXX=yes
lt_cv_prog_compiler_c_o_RC=yes
lt_cv_prog_compiler_pic='-fPIC -DPIC'
lt_cv_prog_compiler_pic_CXX='-fPIC -DPIC'
lt_cv_prog_compiler_pic_works=yes
lt_cv_prog_compiler_pic_works_CXX=yes
lt_cv_prog_compiler_rtti_exceptions=no
lt_cv_prog_compiler_static_works=yes
lt_cv_prog_compiler_static_works_CXX=yes
lt_cv_prog_gnu_ld=yes
lt_cv_prog_gnu_ldcxx=yes
lt_cv_sharedlib_from_linklib_cmd='printf %s\n'
lt_cv_shlibpath_overrides_runpath=no
lt_cv_sys_global_symbol_pipe='sed -n -e '\''s/^.*[	 ]\([ABCDGIRSTW][ABCDGIRSTW]*\)[	 ][	 ]*\([_A-Za-z][_A-Za-z0-9]*\)$/\1 \2 \2/p'\'' | sed '\''/ __gnu_lto/d'\'''
lt_cv_sys_global_symbol_to_c_name_address='sed -n -e '\''s/^: \(.*\) .*$/  {"\1", (void *) 0},/p'\'' -e '\''s/^[ABCDGIRSTW][ABCDGIRSTW]* .* \(.*\)$/  {"\1", (void *) \&\1},/p'\'''
lt_cv_sys_global_symbol_to_c_name_address_lib_prefix='sed -n -e '\''s/^: \(.*\) .*$/  {"\1", (void *) 0},/p'\'' -e '\''s/^[ABCDGIRSTW][ABCDGIRSTW]* .* \(lib.*\)$/  {"\1", (void *) \&\1},/p'\'' -e '\''s/^[ABCDGIRSTW][ABCDGIRSTW]* .* \(.*\)$/  {"lib\1", (void *) \&\1},/p'\'''
lt_cv_sys_global_symbol_to_cdecl='sed -n -e '\''s/^T .* \(.*\)$/extern int \1();/p'\'' -e '\''s/^[ABCDGIRSTW][ABCDGIRSTW]* .* \(.*\)$/extern char \1;/p'\'''
lt_cv_sys_global_symbol_to_import=
lt_cv_sys_max_cmd_len=1572864
lt_cv_to_host_file_cmd=func_convert_file_noop
lt_cv_to_tool_file_cmd=func_convert_file_noop
lt_cv_truncate_bin='/bin/dd bs=4096 count=1'

## ----------------- ##
## Output variables. ##
## ----------------- ##

ACLOCAL='${SHELL} /home/victory/catkin_ws/src/0_driver/ext/ptgrey_reader/install/usb/libusb-1.0.21/missing aclocal-1.15'
AMDEPBACKSLASH='\'
AMDEP_FALSE='#'
AMDEP_TRUE=''
AMTAR='$${TAR-tar}'
AM_BACKSLASH='\'
AM_CFLAGS=' -std=gnu99 -Wall -Wundef -Wunused -Wstrict-prototypes -Werror-implicit-function-declaration -Wno-pointer-sign -Wshadow -pthread -fvisibility=hidden'
AM_DEFAULT_V='$(AM_DEFAULT_VERBOSITY)'
AM_DEFAULT_VERBOSITY='0'
AM_V='$(V)'
AR='ar'
AUTOCONF='${SHELL} /home/victory/catkin_ws/src/0_driver/ext/ptgrey_reader/install/usb/libusb-1.0.21/missing autoconf'
AUTOHEADER='${SHELL} /home/victory/catkin_ws/src/0_driver/ext/ptgrey_reader/install/usb/libusb-1.0.21/missing autoheader'
AUTOMAKE='${SHELL} /home/victory/catkin_ws/src/0_driver/ext/ptgrey_reader/install/usb/libusb-1.0.21/missing automake-1.15'
AWK='mawk'
BUILD_EXAMPLES_FALSE=''
BUILD_EXAMPLES_TRUE='#'
BUILD_TESTS_FALSE=''
BUILD_TESTS_TRUE='#'
CC='gcc'
CCDEPMODE='depmode=gcc3'
CFLAGS='-g -O2'
CPP='gcc -E'
CPPFLAGS=''
CREATE_IMPORT_LIB_FALSE=''
CREATE_IMPORT_LIB_TRUE='#'
CXX='g++'
CXXCPP='g++ -E'
CXXDEPMODE='depmode=gcc3'
CXXFLAGS='-g -O2'
CYGPATH_W='echo'
DEFS='-DHAVE_CONFIG_H'
DEPDIR='.deps'
DLLTOOL='false'
DSYMUTIL=''
DUMPBIN=''
ECHO_C=''
ECHO_N='-n'
ECHO_T=''
EGREP='/bin/grep -E'
EXEEXT=''
FGREP='/bin/grep -F'
GREP='/bin/grep'
HAVE_SIGACTION_FALSE='#'
HAVE_SIGACTION_TRUE=''
INSTALL_DATA='${INSTALL} -m 644'
INSTALL_PROGRAM='${INSTALL}'
INSTALL_SCRIPT='${INSTALL}'
INSTALL_STRIP_PROGRAM='$(install_sh) -c -s'
LD='/usr/bin/ld -m elf_x86_64'
LDFLAGS=''
LIBOBJS=''
LIBS='-ludev  -pthread'
LIBTOOL='$(SHELL) $(top_builddir)/libtool'
LIPO=''
LN_S='ln -s'
LTLDFLAGS='-version-info 1:0:1 -no-undefined'
LTLIBOBJS=''
LT_SYS_LIBRARY_PATH=''
MAKEINFO='${SHELL} /home/victory/catkin_ws/src/0_driver/ext/ptgrey_reader/install/usb/libusb-1.0.21/missing makeinfo'
MANIFEST_TOOL=':'
MKDIR_P='/bin/mkdir -p'
NM='/usr/bin/nm -B'
NMEDIT=''
OBJDUMP='objdump'
OBJEXT='o'
OS_DARWIN=''
OS_DARWIN_FALSE=''
OS_DARWIN_TRUE='#'
OS_HAIKU=''
OS_HAIKU_FALSE=''
OS_HAIKU_TRUE='#'
OS_LINUX=''
OS_LINUX_FALSE='#'
OS_LINUX_TRUE=''
OS_NETBSD=''
OS_NETBSD_FALSE=''
OS_NETBSD_TRUE='#'
OS_OPENBSD=''
OS_OPENBSD_FALSE=''
OS_OPENBSD_TRUE='#'
OS_SUNOS=''
OS_SUNOS_FALSE=''
OS_SUNOS_TRUE='#'
OS_WINDOWS=''
OS_WINDOWS_FALSE=''
OS_WINDOWS_TRUE='#'
OTOOL64=''
OTOOL=''
PACKAGE='libusb'
PACKAGE_BUGREPORT='libusb-devel@lists.sourceforge.net'
PACKAGE_NAME='libusb'
PACKAGE_STRING='libusb 1.0.21'
PACKAGE_TARNAME='libusb'
PACKAGE_URL='http://libusb.info'
PACKAGE_VERSION='1.0.21'
PATH_SEPARATOR=':'
RANLIB='ranlib'
RC=''
SED='/bin/sed'
SET_MAKE=''
SHELL='/bin/bash'
STRIP='strip'
THREADS_POSIX_FALSE='#'
THREADS_POSIX_TRUE=''
USE_UDEV=''
USE_UDEV_FALSE='#'
USE_UDEV_TRUE=''
USE_USBDK=''
USE_USBDK_FALSE=''
USE_USBDK_TRUE='#'
VERSION='1.0.21'
ac_ct_AR='ar'
ac_ct_CC='gcc'
ac_ct_CXX='g++'
ac_ct_DUMPBIN=''
am__EXEEXT_FALSE=''
am__EXEEXT_TRUE='#'
am__fastdepCC_FALSE='#'
am__fastdepCC_TRUE=''
am__fastdepCXX_FALSE='#'
am__fastdepCXX_TRUE=''
am__include='include'
am__isrc=''
am__leading_dot='.'
am__nodep='_no'
am__quote=''
am__tar='$${TAR-tar} chof - "$$tardir"'
am__untar='$${TAR-tar} xf -'
bindir='${exec_prefix}/bin'
build='x86_64-pc-linux-gnu'
build_alias=''
build_cpu='x86_64'
build_os='linux-gnu'
build_vendor='pc'
datadir='${datarootdir}'
datarootdir='${prefix}/share'
docdir='${datarootdir}/doc/${PACKAGE_TARNAME}'
dvidir='${docdir}'
exec_prefix='${prefix}'
host='x86_64-pc-linux-gnu'
host_alias=''
host_cpu='x86_64'
host_os='linux-gnu'
host_vendor='pc'
htmldir='${docdir}'
includedir='${prefix}/include'
infodir='${datarootdir}/info'
install_sh='${SHELL} /home/victory/catkin_ws/src/0_driver/ext/ptgrey_reader/install/usb/libusb-1.0.21/install-sh'
libdir='${exec_prefix}/lib'
libexecdir='${exec_prefix}/libexec'
localedir='${datarootdir}/locale'
localstatedir='${prefix}/var'
mandir='${datarootdir}/man'
mkdir_p='$(MKDIR_P)'
oldincludedir='/usr/include'
pdfdir='${docdir}'
prefix='/usr/local'
program_transform_name='s,x,x,'
psdir='${docdir}'
runstatedir='${localstatedir}/run'
sbindir='${exec_prefix}/sbin'
sharedstatedir='${prefix}/com'
sysconfdir='${prefix}/etc'
target_alias=''

## ----------- ##
## confdefs.h. ##
## ----------- ##

/* confdefs.h */
#define PACKAGE_NAME "libusb"
#define PACKAGE_TARNAME "libusb"
#define PACKAGE_VERSION "1.0.21"
#define PACKAGE_STRING "libusb 1.0.21"
#define PACKAGE_BUGREPORT "libusb-devel@lists.sourceforge.net"
#define PACKAGE_URL "http://libusb.info"
#define PACKAGE "libusb"
#define VERSION "1.0.21"
#define STDC_HEADERS 1
#define HAVE_SYS_TYPES_H 1
#define HAVE_SYS_STAT_H 1
#define HAVE_STDLIB_H 1
#define HAVE_STRING_H 1
#define HAVE_MEMORY_H 1
#define HAVE_STRINGS_H 1
#define HAVE_INTTYPES_H 1
#define HAVE_STDINT_H 1
#define HAVE_UNISTD_H 1
#define HAVE_DLFCN_H 1
#define LT_OBJDIR ".libs/"
#define _GNU_SOURCE 1
#define OS_LINUX 1
#define HAVE_LIBUDEV_H 1
#define HAVE_LIBUDEV 1
#define USE_UDEV 1
#define HAVE_POLL_H 1
#define POLL_NFDS_TYPE nfds_t
#define THREADS_POSIX 1
#define USBI_TIMERFD_AVAILABLE 1
#define HAVE_STRUCT_TIMESPEC 1
#define ENABLE_LOGGING 1
#define HAVE_SYSLOG_H 1
#define HAVE_SYSLOG_FUNC 1
#define DEFAULT_VISIBILITY __attribute__((visibility("default")))
#define HAVE_SYS_TIME_H 1
#define HAVE_GETTIMEOFDAY 1
#define HAVE_SIGNAL_H 1

configure: exit 0
